<?xml version="1.0" encoding="UTF-8"?>
<!-- Generated by org.testng.reporters.JUnitReportReporter -->
<testsuite hostname="LT2025" failures="0" tests="1" name="com.HRM.TestCases.AdminPageTestCase" time="19.696" errors="0" timestamp="2025-08-09T22:25:42 IST" skipped="0">
  <testcase classname="com.HRM.TestCases.AdminPageTestCase" name="logintoApp" time="19.696"/>
</testsuite> <!-- com.HRM.TestCases.AdminPageTestCase -->
