<?xml version="1.0" encoding="UTF-8"?>
<!-- Generated by org.testng.reporters.JUnitReportReporter -->
<testsuite hostname="LT2025" failures="0" tests="2" name="tests.CheckoutTest" time="24.245" errors="0" timestamp="2025-08-10T12:09:43 IST" skipped="0">
  <testcase classname="tests.CheckoutTest" name="CheckoutOrder" time="19.734"/>
  <testcase classname="tests.CheckoutTest" name="place_order" time="4.511"/>
</testsuite> <!-- tests.CheckoutTest -->
