<?xml version="1.0" encoding="UTF-8"?>
<!-- Generated by org.testng.reporters.JUnitReportReporter -->
<testsuite hostname="LT2025" failures="0" tests="1" name="Assignment.Assignment1" time="3.075" errors="0" timestamp="2025-06-22T16:22:12 IST" skipped="0">
  <testcase classname="Assignment.Assignment1" name="deleteRequest" time="3.075"/>
</testsuite> <!-- Assignment.Assignment1 -->
