<?xml version="1.0" encoding="UTF-8"?>
<!-- Generated by org.testng.reporters.JUnitReportReporter -->
<testsuite hostname="LT2025" failures="0" tests="1" name="Assignment.TestOAuth" time="2.517" errors="0" timestamp="2025-06-29T21:25:42 IST" skipped="0">
  <testcase classname="Assignment.TestOAuth" name="testOAuth_2_0" time="2.517"/>
</testsuite> <!-- Assignment.TestOAuth -->
