<?xml version="1.0" encoding="UTF-8"?>
<!-- Generated by org.testng.reporters.JUnitReportReporter -->
<testsuite hostname="LT2025" failures="0" tests="1" name="Assignment.Assignment2" time="1.851" errors="0" timestamp="2025-06-22T18:27:05 IST" skipped="0">
  <testcase classname="Assignment.Assignment2" name="postRequest_HashMap" time="1.851"/>
</testsuite> <!-- Assignment.Assignment2 -->
