<?xml version="1.0" encoding="UTF-8"?>
<!-- Generated by org.testng.reporters.JUnitReportReporter -->
<testsuite hostname="LT2025" failures="0" tests="1" name="API_Methods.Get_ListUsers" time="2.942" errors="0" timestamp="2025-06-21T21:40:39 IST" skipped="0">
  <testcase classname="API_Methods.Get_ListUsers" name="getAPI" time="2.942"/>
</testsuite> <!-- API_Methods.Get_ListUsers -->
